<?xml version="1.0" encoding="UTF-8"?>
<!-- Generated by org.testng.reporters.JUnitXMLReporter -->
<testsuite ignored="0" hostname="DESK-SS" failures="7" tests="7" name="Default test" time="2.462" errors="0" timestamp="2026-03-28T14:40:14 IST">
  <testcase classname="io.cucumber.testng.AbstractTestNGCucumberTests" name="runScenario" time="0.714">
    <failure type="java.lang.IllegalStateException" message="WebDriver not initialised for thread [TestNG-PoolService-6]. Ensure DriverManager.initDriver() is called in Hooks.@Before.">
      <![CDATA[java.lang.IllegalStateException: WebDriver not initialised for thread [TestNG-PoolService-6]. Ensure DriverManager.initDriver() is called in Hooks.@Before.
at utils.DriverManager.getDriver(DriverManager.java:207)
at stepDefinitions.MagicBricksStepDefinitions.initPageObjects(MagicBricksStepDefinitions.java:84)
]]>
    </failure>
  </testcase> <!-- runScenario -->
  <testcase classname="io.cucumber.testng.AbstractTestNGCucumberTests" name="runScenario" time="0.719">
    <failure type="java.lang.IllegalStateException" message="WebDriver not initialised for thread [TestNG-PoolService-1]. Ensure DriverManager.initDriver() is called in Hooks.@Before.">
      <![CDATA[java.lang.IllegalStateException: WebDriver not initialised for thread [TestNG-PoolService-1]. Ensure DriverManager.initDriver() is called in Hooks.@Before.
at utils.DriverManager.getDriver(DriverManager.java:207)
at stepDefinitions.MagicBricksStepDefinitions.initPageObjects(MagicBricksStepDefinitions.java:84)
]]>
    </failure>
  </testcase> <!-- runScenario -->
  <testcase classname="io.cucumber.testng.AbstractTestNGCucumberTests" name="runScenario" time="0.767">
    <failure type="java.lang.IllegalStateException" message="WebDriver not initialised for thread [TestNG-PoolService-3]. Ensure DriverManager.initDriver() is called in Hooks.@Before.">
      <![CDATA[java.lang.IllegalStateException: WebDriver not initialised for thread [TestNG-PoolService-3]. Ensure DriverManager.initDriver() is called in Hooks.@Before.
at utils.DriverManager.getDriver(DriverManager.java:207)
at stepDefinitions.MagicBricksStepDefinitions.initPageObjects(MagicBricksStepDefinitions.java:84)
]]>
    </failure>
  </testcase> <!-- runScenario -->
  <testcase classname="io.cucumber.testng.AbstractTestNGCucumberTests" name="runScenario" time="0.782">
    <failure type="java.lang.IllegalStateException" message="WebDriver not initialised for thread [TestNG-PoolService-5]. Ensure DriverManager.initDriver() is called in Hooks.@Before.">
      <![CDATA[java.lang.IllegalStateException: WebDriver not initialised for thread [TestNG-PoolService-5]. Ensure DriverManager.initDriver() is called in Hooks.@Before.
at utils.DriverManager.getDriver(DriverManager.java:207)
at stepDefinitions.MagicBricksStepDefinitions.initPageObjects(MagicBricksStepDefinitions.java:84)
]]>
    </failure>
  </testcase> <!-- runScenario -->
  <testcase classname="io.cucumber.testng.AbstractTestNGCucumberTests" name="runScenario" time="0.79">
    <failure type="java.lang.IllegalStateException" message="WebDriver not initialised for thread [TestNG-PoolService-4]. Ensure DriverManager.initDriver() is called in Hooks.@Before.">
      <![CDATA[java.lang.IllegalStateException: WebDriver not initialised for thread [TestNG-PoolService-4]. Ensure DriverManager.initDriver() is called in Hooks.@Before.
at utils.DriverManager.getDriver(DriverManager.java:207)
at stepDefinitions.MagicBricksStepDefinitions.initPageObjects(MagicBricksStepDefinitions.java:84)
]]>
    </failure>
  </testcase> <!-- runScenario -->
  <testcase classname="io.cucumber.testng.AbstractTestNGCucumberTests" name="runScenario" time="0.799">
    <failure type="java.lang.IllegalStateException" message="WebDriver not initialised for thread [TestNG-PoolService-7]. Ensure DriverManager.initDriver() is called in Hooks.@Before.">
      <![CDATA[java.lang.IllegalStateException: WebDriver not initialised for thread [TestNG-PoolService-7]. Ensure DriverManager.initDriver() is called in Hooks.@Before.
at utils.DriverManager.getDriver(DriverManager.java:207)
at stepDefinitions.MagicBricksStepDefinitions.initPageObjects(MagicBricksStepDefinitions.java:84)
]]>
    </failure>
  </testcase> <!-- runScenario -->
  <testcase classname="io.cucumber.testng.AbstractTestNGCucumberTests" name="runScenario" time="0.798">
    <failure type="java.lang.IllegalStateException" message="WebDriver not initialised for thread [TestNG-PoolService-2]. Ensure DriverManager.initDriver() is called in Hooks.@Before.">
      <![CDATA[java.lang.IllegalStateException: WebDriver not initialised for thread [TestNG-PoolService-2]. Ensure DriverManager.initDriver() is called in Hooks.@Before.
at utils.DriverManager.getDriver(DriverManager.java:207)
at stepDefinitions.MagicBricksStepDefinitions.initPageObjects(MagicBricksStepDefinitions.java:84)
]]>
    </failure>
  </testcase> <!-- runScenario -->
</testsuite> <!-- Default test -->
