<?xml version="1.0" encoding="UTF-8"?>
<!-- Generated by org.testng.reporters.JUnitReportReporter -->
<testsuite hostname="DESK-SS" failures="0" tests="14" name="runners.TestRunnerCrossBrowser" time="416.356" errors="0" timestamp="2026-03-28T20:40:26 IST" skipped="0">
  <testcase classname="runners.TestRunnerCrossBrowser" name="runScenario" time="24.719"/>
  <testcase classname="runners.TestRunnerCrossBrowser" name="runScenario" time="36.803"/>
  <testcase classname="runners.TestRunnerCrossBrowser" name="runScenario" time="21.230"/>
  <testcase classname="runners.TestRunnerCrossBrowser" name="runScenario" time="58.563"/>
  <testcase classname="runners.TestRunnerCrossBrowser" name="runScenario" time="36.419"/>
  <testcase classname="runners.TestRunnerCrossBrowser" name="runScenario" time="30.248"/>
  <testcase classname="runners.TestRunnerCrossBrowser" name="runScenario" time="26.494"/>
  <testcase classname="runners.TestRunnerCrossBrowser" name="runScenario" time="23.586"/>
  <testcase classname="runners.TestRunnerCrossBrowser" name="runScenario" time="16.352"/>
  <testcase classname="runners.TestRunnerCrossBrowser" name="runScenario" time="60.091"/>
  <testcase classname="runners.TestRunnerCrossBrowser" name="runScenario" time="24.221"/>
  <testcase classname="runners.TestRunnerCrossBrowser" name="runScenario" time="17.541"/>
  <testcase classname="runners.TestRunnerCrossBrowser" name="runScenario" time="24.540"/>
  <testcase classname="runners.TestRunnerCrossBrowser" name="runScenario" time="15.549"/>
</testsuite> <!-- runners.TestRunnerCrossBrowser -->
