<?xml version="1.0" encoding="UTF-8"?>
<!-- Generated by org.testng.reporters.JUnitReportReporter -->
<testsuite hostname="DESK-SS" failures="0" tests="14" name="runners.TestRunner" time="408.292" errors="0" timestamp="2026-03-28T21:00:45 IST" skipped="0">
  <testcase classname="runners.TestRunner" name="runScenario" time="17.353"/>
  <testcase classname="runners.TestRunner" name="runScenario" time="14.493"/>
  <testcase classname="runners.TestRunner" name="runScenario" time="21.226"/>
  <testcase classname="runners.TestRunner" name="runScenario" time="23.087"/>
  <testcase classname="runners.TestRunner" name="runScenario" time="57.726"/>
  <testcase classname="runners.TestRunner" name="runScenario" time="57.231"/>
  <testcase classname="runners.TestRunner" name="runScenario" time="25.927"/>
  <testcase classname="runners.TestRunner" name="runScenario" time="22.918"/>
  <testcase classname="runners.TestRunner" name="runScenario" time="24.767"/>
  <testcase classname="runners.TestRunner" name="runScenario" time="15.747"/>
  <testcase classname="runners.TestRunner" name="runScenario" time="27.754"/>
  <testcase classname="runners.TestRunner" name="runScenario" time="30.610"/>
  <testcase classname="runners.TestRunner" name="runScenario" time="35.749"/>
  <testcase classname="runners.TestRunner" name="runScenario" time="33.704"/>
</testsuite> <!-- runners.TestRunner -->
