<?xml version="1.0" encoding="UTF-8"?>
<!-- Generated by org.testng.reporters.JUnitReportReporter -->
<testsuite hostname="DESK-SS" failures="0" tests="1" name="runners.RunTC10Test" time="0.432" errors="1" timestamp="2026-03-26T23:24:21 IST" skipped="0">
  <testcase classname="runners.RunTC10Test" name="runScenario" time="0.432">
    <error message="Cannot invoke &quot;org.openqa.selenium.WebDriver.getWindowHandle()&quot; because the return value of &quot;utils.DriverManager.getDriver()&quot; is null" type="java.lang.NullPointerException">
      <![CDATA[java.lang.NullPointerException: Cannot invoke "org.openqa.selenium.WebDriver.getWindowHandle()" because the return value of "utils.DriverManager.getDriver()" is null
at stepDefinitions.MagicBricksStepDefinitions.the_user_is_on_the_MagicBricks_Mumbai_residential_page(MagicBricksStepDefinitions.java:45)
at ✽.the user is on the MagicBricks Mumbai residential page(file:///F:/BDD_Sprint/SayanMagicbricks/src/test/resources/features/MagicBricks.feature:7)
]]>
    </error>
  </testcase> <!-- runScenario -->
</testsuite> <!-- runners.RunTC10Test -->
